<?xml version="1.0" encoding="UTF-8"?>
<!-- Generated by org.testng.reporters.JUnitXMLReporter -->
<testsuite ignored="0" hostname="GSK-QA-062" failures="0" tests="3" name="Default test" time="955.239" errors="0" timestamp="2022-04-13T15:31:54 IST">
  <testcase classname="subform_end2end.getOneByOneSF" name="signIn" time="47.514"/>
  <testcase classname="subform_end2end.getOneByOneSF" name="signIn" time="792.287"/>
  <testcase classname="subform_end2end.getOneByOneSF" name="signIn" time="105.078"/>
</testsuite> <!-- Default test -->
