<?xml version="1.0" encoding="UTF-8"?>
<testng-results ignored="0" total="3" passed="3" failed="0" skipped="0">
  <reporter-output>
  </reporter-output>
  <suite started-at="2022-04-13T15:15:59 IST" name="Default suite" finished-at="2022-04-13T15:31:54 IST" duration-ms="955239">
    <groups>
    </groups>
    <test started-at="2022-04-13T15:15:59 IST" name="Default test" finished-at="2022-04-13T15:31:54 IST" duration-ms="955239">
      <class name="subform_end2end.getOneByOneSF">
        <test-method is-config="true" signature="setUp()[pri:0, instance:subform_end2end.getOneByOneSF@5e316c74]" started-at="2022-04-13T15:15:59 IST" name="setUp" finished-at="2022-04-13T15:16:08 IST" duration-ms="9134" status="PASS">
          <reporter-output>
          </reporter-output>
        </test-method> <!-- setUp -->
        <test-method signature="signIn(java.lang.String, java.lang.String)[pri:0, instance:subform_end2end.getOneByOneSF@5e316c74]" started-at="2022-04-13T15:16:08 IST" name="signIn" data-provider="exceldata" finished-at="2022-04-13T15:16:55 IST" duration-ms="47514" status="PASS">
          <params>
            <param index="0">
              <value>
                <![CDATA[Informed Consent for Medical Photography]]>
              </value>
            </param>
            <param index="1">
              <value>
                <![CDATA[562]]>
              </value>
            </param>
          </params>
          <reporter-output>
          </reporter-output>
        </test-method> <!-- signIn -->
        <test-method signature="signIn(java.lang.String, java.lang.String)[pri:0, instance:subform_end2end.getOneByOneSF@5e316c74]" started-at="2022-04-13T15:16:55 IST" name="signIn" data-provider="exceldata" finished-at="2022-04-13T15:30:08 IST" duration-ms="792287" status="PASS">
          <params>
            <param index="0">
              <value>
                <![CDATA[6501 IPP Form]]>
              </value>
            </param>
            <param index="1">
              <value>
                <![CDATA[366]]>
              </value>
            </param>
          </params>
          <reporter-output>
          </reporter-output>
        </test-method> <!-- signIn -->
        <test-method signature="signIn(java.lang.String, java.lang.String)[pri:0, instance:subform_end2end.getOneByOneSF@5e316c74]" started-at="2022-04-13T15:30:08 IST" name="signIn" data-provider="exceldata" finished-at="2022-04-13T15:31:53 IST" duration-ms="105078" status="PASS">
          <params>
            <param index="0">
              <value is-null="true"/>
            </param>
            <param index="1">
              <value is-null="true"/>
            </param>
          </params>
          <reporter-output>
          </reporter-output>
        </test-method> <!-- signIn -->
        <test-method is-config="true" signature="closeBrowser()[pri:0, instance:subform_end2end.getOneByOneSF@5e316c74]" started-at="2022-04-13T15:31:53 IST" name="closeBrowser" finished-at="2022-04-13T15:31:54 IST" duration-ms="1120" status="PASS">
          <reporter-output>
          </reporter-output>
        </test-method> <!-- closeBrowser -->
      </class> <!-- subform_end2end.getOneByOneSF -->
    </test> <!-- Default test -->
  </suite> <!-- Default suite -->
</testng-results>
